Build started 09-12-2017 16:05:32.
     1>Project "C:\Users\Tobia\OneDrive\Dokumenter\Visual Studio 2013\Projects\QtGuiApplication3\QtGuiApplication3\QtGuiApplication3.vcxproj" on node 2 (Build target(s)).
     1>CustomBuild:
         Moc'ing QtGuiApplication3.h...
         Uic'ing QtGuiApplication3.ui...
         Rcc'ing QtGuiApplication3.qrc...
       ClCompile:
         E:\Program Files\Microsoft Visual Studio 12.0\VC\bin\x86_amd64\CL.exe /c /I.\GeneratedFiles /I. /IE:\ProgramFiles\qt1\5.8\msvc2013_64\include /I.\GeneratedFiles\Release /IE:\ProgramFiles\qt1\5.8\msvc2013_64\include\QtCore /IE:\ProgramFiles\qt1\5.8\msvc2013_64\include\QtGui /IE:\ProgramFiles\qt1\5.8\msvc2013_64\include\QtWidgets /nologo /W1 /WX- /O2 /D UNICODE /D WIN32 /D WIN64 /D QT_DLL /D QT_NO_DEBUG /D NDEBUG /D QT_CORE_LIB /D QT_GUI_LIB /D QT_WIDGETS_LIB /Gm- /EHsc /MD /GS /fp:precise /Zc:wchar_t /Zc:forScope /Fo"x64\Release\\" /Fd"x64\Release\vc120.pdb" /Gd /TP /errorReport:prompt blobDetection.cpp Fight.cpp GeneratedFiles\Release\moc_QtGuiApplication3.cpp ImageProcessing.cpp main.cpp Monster.cpp Player.cpp QtGuiApplication3.cpp Seperation.cpp TemplateCombiner.cpp TemplateCombiner1.cpp TemplateMatching.cpp
         blobDetection.cpp
     1>c:\users\tobia\onedrive\dokumenter\visual studio 2013\projects\qtguiapplication3\qtguiapplication3\blobDetection.h(1): fatal error C1083: Cannot open include file: 'opencv2/opencv.hpp': No such file or directory
         Fight.cpp
     1>Fight.cpp(16): warning C4552: '+' : operator has no effect; expected operator with side-effect
     1>Fight.cpp(19): warning C4552: '-' : operator has no effect; expected operator with side-effect
         moc_QtGuiApplication3.cpp
         ImageProcessing.cpp
     1>ImageProcessing.cpp(2): fatal error C1083: Cannot open include file: 'opencv2/opencv.hpp': No such file or directory
         main.cpp
     1>main.cpp(3): fatal error C1083: Cannot open include file: 'opencv2/opencv.hpp': No such file or directory
         Monster.cpp
     1>c:\users\tobia\onedrive\dokumenter\visual studio 2013\projects\qtguiapplication3\qtguiapplication3\TemplateMatching.h(1): fatal error C1083: Cannot open include file: 'opencv2/opencv.hpp': No such file or directory
         Player.cpp
         QtGuiApplication3.cpp
         Seperation.cpp
     1>c:\users\tobia\onedrive\dokumenter\visual studio 2013\projects\qtguiapplication3\qtguiapplication3\Seperation.h(1): fatal error C1083: Cannot open include file: 'opencv2/opencv.hpp': No such file or directory
         TemplateCombiner.cpp
     1>c:\users\tobia\onedrive\dokumenter\visual studio 2013\projects\qtguiapplication3\qtguiapplication3\TemplateMatching.h(1): fatal error C1083: Cannot open include file: 'opencv2/opencv.hpp': No such file or directory
         TemplateCombiner1.cpp
     1>c:\users\tobia\onedrive\dokumenter\visual studio 2013\projects\qtguiapplication3\qtguiapplication3\TemplateMatching.h(1): fatal error C1083: Cannot open include file: 'opencv2/opencv.hpp': No such file or directory
         TemplateMatching.cpp
     1>c:\users\tobia\onedrive\dokumenter\visual studio 2013\projects\qtguiapplication3\qtguiapplication3\TemplateMatching.h(1): fatal error C1083: Cannot open include file: 'opencv2/opencv.hpp': No such file or directory
         Generating Code...
     1>Done Building Project "C:\Users\Tobia\OneDrive\Dokumenter\Visual Studio 2013\Projects\QtGuiApplication3\QtGuiApplication3\QtGuiApplication3.vcxproj" (Build target(s)) -- FAILED.

Build FAILED.

Time Elapsed 00:00:04.19
