c:\users\tobia\onedrive\dokumenter\visual studio 2013\projects\qtguiapplication3\qtguiapplication3\x64\debug\vc120.pdb
c:\users\tobia\onedrive\dokumenter\visual studio 2013\projects\qtguiapplication3\qtguiapplication3\x64\debug\templatematching.obj
c:\users\tobia\onedrive\dokumenter\visual studio 2013\projects\qtguiapplication3\qtguiapplication3\x64\debug\templatecombiner1.obj
c:\users\tobia\onedrive\dokumenter\visual studio 2013\projects\qtguiapplication3\qtguiapplication3\x64\debug\templatecombiner.obj
c:\users\tobia\onedrive\dokumenter\visual studio 2013\projects\qtguiapplication3\qtguiapplication3\x64\debug\seperation.obj
c:\users\tobia\onedrive\dokumenter\visual studio 2013\projects\qtguiapplication3\qtguiapplication3\x64\debug\qtguiapplication3.obj
c:\users\tobia\onedrive\dokumenter\visual studio 2013\projects\qtguiapplication3\qtguiapplication3\x64\debug\player.obj
c:\users\tobia\onedrive\dokumenter\visual studio 2013\projects\qtguiapplication3\qtguiapplication3\x64\debug\monster.obj
c:\users\tobia\onedrive\dokumenter\visual studio 2013\projects\qtguiapplication3\qtguiapplication3\x64\debug\main.obj
c:\users\tobia\onedrive\dokumenter\visual studio 2013\projects\qtguiapplication3\qtguiapplication3\x64\debug\moc_qtguiapplication3.obj
c:\users\tobia\onedrive\dokumenter\visual studio 2013\projects\qtguiapplication3\qtguiapplication3\x64\debug\blobdetection.obj
c:\users\tobia\onedrive\dokumenter\visual studio 2013\projects\qtguiapplication3\qtguiapplication3\x64\debug\fight.obj
c:\users\tobia\onedrive\dokumenter\visual studio 2013\projects\qtguiapplication3\qtguiapplication3\x64\debug\imageprocessing.obj
c:\users\tobia\onedrive\dokumenter\visual studio 2013\projects\qtguiapplication3\qtguiapplication3\x64\debug\qrc_qtguiapplication3.obj
c:\users\tobia\onedrive\dokumenter\visual studio 2013\projects\qtguiapplication3\qtguiapplication3\generatedfiles\ui_qtguiapplication3.h
c:\users\tobia\onedrive\dokumenter\visual studio 2013\projects\qtguiapplication3\qtguiapplication3\generatedfiles\qrc_qtguiapplication3.cpp
c:\users\tobia\onedrive\dokumenter\visual studio 2013\projects\qtguiapplication3\qtguiapplication3\generatedfiles\debug\moc_qtguiapplication3.cpp
c:\users\tobia\onedrive\dokumenter\visual studio 2013\projects\qtguiapplication3\x64\debug\qtguiapplication3.ilk
c:\users\tobia\onedrive\dokumenter\visual studio 2013\projects\qtguiapplication3\x64\debug\qtguiapplication3.exe
c:\users\tobia\onedrive\dokumenter\visual studio 2013\projects\qtguiapplication3\x64\debug\qtguiapplication3.pdb
c:\users\tobia\onedrive\dokumenter\visual studio 2013\projects\qtguiapplication3\qtguiapplication3\x64\debug\qtguiapp.b12702ad.tlog\cl.command.1.tlog
c:\users\tobia\onedrive\dokumenter\visual studio 2013\projects\qtguiapplication3\qtguiapplication3\x64\debug\qtguiapp.b12702ad.tlog\cl.read.1.tlog
c:\users\tobia\onedrive\dokumenter\visual studio 2013\projects\qtguiapplication3\qtguiapplication3\x64\debug\qtguiapp.b12702ad.tlog\cl.write.1.tlog
c:\users\tobia\onedrive\dokumenter\visual studio 2013\projects\qtguiapplication3\qtguiapplication3\x64\debug\qtguiapp.b12702ad.tlog\custombuild.command.1.tlog
c:\users\tobia\onedrive\dokumenter\visual studio 2013\projects\qtguiapplication3\qtguiapplication3\x64\debug\qtguiapp.b12702ad.tlog\custombuild.read.1.tlog
c:\users\tobia\onedrive\dokumenter\visual studio 2013\projects\qtguiapplication3\qtguiapplication3\x64\debug\qtguiapp.b12702ad.tlog\custombuild.write.1.tlog
c:\users\tobia\onedrive\dokumenter\visual studio 2013\projects\qtguiapplication3\qtguiapplication3\x64\debug\qtguiapp.b12702ad.tlog\link.command.1.tlog
c:\users\tobia\onedrive\dokumenter\visual studio 2013\projects\qtguiapplication3\qtguiapplication3\x64\debug\qtguiapp.b12702ad.tlog\link.read.1.tlog
c:\users\tobia\onedrive\dokumenter\visual studio 2013\projects\qtguiapplication3\qtguiapplication3\x64\debug\qtguiapp.b12702ad.tlog\link.write.1.tlog
