Build started 15-12-2017 15:48:20.
     1>Project "C:\Users\Tobia\OneDrive\Dokumenter\Visual Studio 2013\Projects\QtGuiApplication3\QtGuiApplication3\QtGuiApplication3.vcxproj" on node 2 (Build target(s)).
     1>C:\Program Files (x86)\MSBuild\Microsoft.Cpp\v4.0\V120\Microsoft.CppBuild.targets(388,5): warning MSB8028: The intermediate directory (x64\Debug\) contains files shared from another project (WalkInTheWoods.vcxproj).  This can lead to incorrect clean and rebuild behavior.
     1>ClCompile:
         E:\Program Files\Microsoft Visual Studio 12.0\VC\bin\x86_amd64\CL.exe /c /IC:\Ceemple\OpenCV4VS\include /I.\GeneratedFiles /I. /IE:\ProgramFiles\qt1\5.8\msvc2013_64\include /I.\GeneratedFiles\Debug /IE:\ProgramFiles\qt1\5.8\msvc2013_64\include\QtCore /IE:\ProgramFiles\qt1\5.8\msvc2013_64\include\QtGui /IE:\ProgramFiles\qt1\5.8\msvc2013_64\include\QtWidgets /Zi /nologo /W1 /WX- /Od /D UNICODE /D WIN32 /D WIN64 /D QT_DLL /D QT_CORE_LIB /D QT_GUI_LIB /D QT_WIDGETS_LIB /Gm- /EHsc /MDd /GS /fp:precise /Zc:wchar_t /Zc:forScope /Fo"x64\Debug\\" /Fd"x64\Debug\vc120.pdb" /Gd /TP /errorReport:prompt Monster.cpp
         Monster.cpp
       Link:
         E:\Program Files\Microsoft Visual Studio 12.0\VC\bin\x86_amd64\link.exe /ERRORREPORT:PROMPT /OUT:"C:\Users\Tobia\OneDrive\Dokumenter\Visual Studio 2013\Projects\QtGuiApplication3\x64\Debug\\QtGuiApplication3.exe" /NOLOGO /LIBPATH:C:\Ceemple\OpenCV4VS\lib /LIBPATH:E:\ProgramFiles\qt1\5.8\msvc2013_64\lib qtmaind.lib Qt5Cored.lib Qt5Guid.lib Qt5Widgetsd.lib kernel32.lib user32.lib gdi32.lib winspool.lib comdlg32.lib advapi32.lib shell32.lib ole32.lib oleaut32.lib uuid.lib odbc32.lib odbccp32.lib kernel32.lib user32.lib gdi32.lib winspool.lib comdlg32.lib advapi32.lib shell32.lib ole32.lib oleaut32.lib uuid.lib odbc32.lib odbccp32.lib StatTimer.lib clBLAS.lib clFFT.lib opencv_calib3d300d.lib opencv_core300d.lib opencv_cuda300d.lib opencv_cudaarithm300d.lib opencv_cudabgsegm300d.lib opencv_cudacodec300d.lib opencv_cudafeatures2d300d.lib opencv_cudafilters300d.lib opencv_cudaimgproc300d.lib opencv_cudalegacy300d.lib opencv_cudaoptflow300d.lib opencv_cudastereo300d.lib opencv_cudawarping300d.lib opencv_cudev300d.lib opencv_features2d300d.lib opencv_flann300d.lib opencv_highgui300d.lib opencv_imgcodecs300d.lib opencv_imgproc300d.lib opencv_ml300d.lib opencv_objdetect300d.lib opencv_photo300d.lib opencv_shape300d.lib opencv_stitching300d.lib opencv_superres300d.lib opencv_ts300d.lib opencv_video300d.lib opencv_videoio300d.lib opencv_videostab300d.lib opengl32.lib glu32.lib /MANIFEST /MANIFESTUAC:"level='asInvoker' uiAccess='false'" /manifest:embed /DEBUG /PDB:"C:\Users\Tobia\OneDrive\Dokumenter\Visual Studio 2013\Projects\QtGuiApplication3\x64\Debug\QtGuiApplication3.pdb" /SUBSYSTEM:WINDOWS /TLBID:1 /DYNAMICBASE /NXCOMPAT /IMPLIB:"C:\Users\Tobia\OneDrive\Dokumenter\Visual Studio 2013\Projects\QtGuiApplication3\x64\Debug\QtGuiApplication3.lib" /MACHINE:X64 x64\Debug\blobDetection.obj
         x64\Debug\Fight.obj
         x64\Debug\moc_QtGuiApplication3.obj
         x64\Debug\qrc_QtGuiApplication3.obj
         x64\Debug\ImageProcessing.obj
         x64\Debug\main.obj
         x64\Debug\Monster.obj
         x64\Debug\Player.obj
         x64\Debug\QtGuiApplication3.obj
         x64\Debug\Seperation.obj
         x64\Debug\StartScreen.obj
         x64\Debug\TemplateCombiner1.obj
         x64\Debug\TemplateMatching.obj
         QtGuiApplication3.vcxproj -> C:\Users\Tobia\OneDrive\Dokumenter\Visual Studio 2013\Projects\QtGuiApplication3\x64\Debug\QtGuiApplication3.exe
     1>Done Building Project "C:\Users\Tobia\OneDrive\Dokumenter\Visual Studio 2013\Projects\QtGuiApplication3\QtGuiApplication3\QtGuiApplication3.vcxproj" (Build target(s)).

Build succeeded.

Time Elapsed 00:00:01.33
